<?xml version="1.0" encoding="UTF-8"?>
<!-- Generated by org.testng.reporters.JUnitXMLReporter -->
<testsuite ignored="0" hostname="LAPTOP-SSKFI1SS" failures="0" tests="3" name="Default test" time="23.754" errors="0" timestamp="14 Jun 2020 00:22:05 GMT">
  <testcase classname="com.AutomationTalks.demoProject1.TestClass1" name="Test1" time="4.078"/>
  <testcase classname="com.AutomationTalks.demoProject1.TestClass1" name="Test2" time="0.999"/>
  <testcase classname="com.AutomationTalks.demoProject1.TestClass1" name="Test3" time="0.963"/>
</testsuite> <!-- Default test -->
