<?xml version="1.0" encoding="UTF-8"?>
<!-- Generated by org.testng.reporters.JUnitXMLReporter -->
<testsuite ignored="0" hostname="LAPTOP-SSKFI1SS" failures="0" tests="3" name="Test" time="22.752" errors="0" timestamp="14 Jun 2020 00:25:03 GMT">
  <testcase classname="com.AutomationTalks.demoProject1.TestClass1" name="Test1" time="2.268"/>
  <testcase classname="com.AutomationTalks.demoProject1.TestClass1" name="Test2" time="0.969"/>
  <testcase classname="com.AutomationTalks.demoProject1.TestClass1" name="Test3" time="1.114"/>
</testsuite> <!-- Test -->
