<?xml version="1.0" encoding="UTF-8"?>
<testng-results ignored="0" total="3" passed="3" failed="0" skipped="0">
  <reporter-output>
  </reporter-output>
  <suite started-at="2020-06-14T00:24:41Z" name="Suite" finished-at="2020-06-14T00:25:03Z" duration-ms="22752">
    <groups>
    </groups>
    <test started-at="2020-06-14T00:24:41Z" name="Test" finished-at="2020-06-14T00:25:03Z" duration-ms="22752">
      <class name="com.AutomationTalks.demoProject1.TestClass1">
        <test-method is-config="true" signature="lunchDriver()[pri:0, instance:com.AutomationTalks.demoProject1.TestClass1@49912c99]" started-at="2020-06-14T00:24:41Z" name="lunchDriver" finished-at="2020-06-14T00:24:46Z" duration-ms="5456" status="PASS">
          <reporter-output>
          </reporter-output>
        </test-method> <!-- lunchDriver -->
        <test-method signature="Test1()[pri:0, instance:com.AutomationTalks.demoProject1.TestClass1@49912c99]" started-at="2020-06-14T00:24:46Z" name="Test1" finished-at="2020-06-14T00:24:48Z" duration-ms="2268" status="PASS">
          <reporter-output>
          </reporter-output>
        </test-method> <!-- Test1 -->
        <test-method is-config="true" signature="TearDown()[pri:0, instance:com.AutomationTalks.demoProject1.TestClass1@49912c99]" started-at="2020-06-14T00:24:48Z" name="TearDown" finished-at="2020-06-14T00:24:49Z" duration-ms="606" status="PASS">
          <reporter-output>
          </reporter-output>
        </test-method> <!-- TearDown -->
        <test-method is-config="true" signature="lunchDriver()[pri:0, instance:com.AutomationTalks.demoProject1.TestClass1@49912c99]" started-at="2020-06-14T00:24:49Z" name="lunchDriver" finished-at="2020-06-14T00:24:54Z" duration-ms="5170" status="PASS">
          <reporter-output>
          </reporter-output>
        </test-method> <!-- lunchDriver -->
        <test-method signature="Test2()[pri:0, instance:com.AutomationTalks.demoProject1.TestClass1@49912c99]" started-at="2020-06-14T00:24:54Z" name="Test2" finished-at="2020-06-14T00:24:55Z" duration-ms="969" status="PASS">
          <reporter-output>
          </reporter-output>
        </test-method> <!-- Test2 -->
        <test-method is-config="true" signature="TearDown()[pri:0, instance:com.AutomationTalks.demoProject1.TestClass1@49912c99]" started-at="2020-06-14T00:24:55Z" name="TearDown" finished-at="2020-06-14T00:24:56Z" duration-ms="1422" status="PASS">
          <reporter-output>
          </reporter-output>
        </test-method> <!-- TearDown -->
        <test-method is-config="true" signature="lunchDriver()[pri:0, instance:com.AutomationTalks.demoProject1.TestClass1@49912c99]" started-at="2020-06-14T00:24:56Z" name="lunchDriver" finished-at="2020-06-14T00:25:02Z" duration-ms="5114" status="PASS">
          <reporter-output>
          </reporter-output>
        </test-method> <!-- lunchDriver -->
        <test-method signature="Test3()[pri:0, instance:com.AutomationTalks.demoProject1.TestClass1@49912c99]" started-at="2020-06-14T00:25:02Z" name="Test3" finished-at="2020-06-14T00:25:03Z" duration-ms="1114" status="PASS">
          <reporter-output>
          </reporter-output>
        </test-method> <!-- Test3 -->
        <test-method is-config="true" signature="TearDown()[pri:0, instance:com.AutomationTalks.demoProject1.TestClass1@49912c99]" started-at="2020-06-14T00:25:03Z" name="TearDown" finished-at="2020-06-14T00:25:03Z" duration-ms="612" status="PASS">
          <reporter-output>
          </reporter-output>
        </test-method> <!-- TearDown -->
      </class> <!-- com.AutomationTalks.demoProject1.TestClass1 -->
    </test> <!-- Test -->
  </suite> <!-- Suite -->
</testng-results>
