<?xml version="1.0" encoding="UTF-8"?>
<testng-results ignored="0" total="3" passed="3" failed="0" skipped="0">
  <reporter-output>
  </reporter-output>
  <suite started-at="2020-06-14T00:21:41Z" name="Default suite" finished-at="2020-06-14T00:22:05Z" duration-ms="23754">
    <groups>
    </groups>
    <test started-at="2020-06-14T00:21:41Z" name="Default test" finished-at="2020-06-14T00:22:05Z" duration-ms="23754">
      <class name="com.AutomationTalks.demoProject1.TestClass1">
        <test-method is-config="true" signature="lunchDriver()[pri:0, instance:com.AutomationTalks.demoProject1.TestClass1@2794eab6]" started-at="2020-06-14T00:21:41Z" name="lunchDriver" finished-at="2020-06-14T00:21:47Z" duration-ms="5432" status="PASS">
          <reporter-output>
          </reporter-output>
        </test-method> <!-- lunchDriver -->
        <test-method signature="Test1()[pri:0, instance:com.AutomationTalks.demoProject1.TestClass1@2794eab6]" started-at="2020-06-14T00:21:47Z" name="Test1" finished-at="2020-06-14T00:21:51Z" duration-ms="4078" status="PASS">
          <reporter-output>
          </reporter-output>
        </test-method> <!-- Test1 -->
        <test-method is-config="true" signature="TearDown()[pri:0, instance:com.AutomationTalks.demoProject1.TestClass1@2794eab6]" started-at="2020-06-14T00:21:51Z" name="TearDown" finished-at="2020-06-14T00:21:51Z" duration-ms="610" status="PASS">
          <reporter-output>
          </reporter-output>
        </test-method> <!-- TearDown -->
        <test-method is-config="true" signature="lunchDriver()[pri:0, instance:com.AutomationTalks.demoProject1.TestClass1@2794eab6]" started-at="2020-06-14T00:21:51Z" name="lunchDriver" finished-at="2020-06-14T00:21:57Z" duration-ms="5222" status="PASS">
          <reporter-output>
          </reporter-output>
        </test-method> <!-- lunchDriver -->
        <test-method signature="Test2()[pri:0, instance:com.AutomationTalks.demoProject1.TestClass1@2794eab6]" started-at="2020-06-14T00:21:57Z" name="Test2" finished-at="2020-06-14T00:21:58Z" duration-ms="999" status="PASS">
          <reporter-output>
          </reporter-output>
        </test-method> <!-- Test2 -->
        <test-method is-config="true" signature="TearDown()[pri:0, instance:com.AutomationTalks.demoProject1.TestClass1@2794eab6]" started-at="2020-06-14T00:21:58Z" name="TearDown" finished-at="2020-06-14T00:21:58Z" duration-ms="620" status="PASS">
          <reporter-output>
          </reporter-output>
        </test-method> <!-- TearDown -->
        <test-method is-config="true" signature="lunchDriver()[pri:0, instance:com.AutomationTalks.demoProject1.TestClass1@2794eab6]" started-at="2020-06-14T00:21:58Z" name="lunchDriver" finished-at="2020-06-14T00:22:03Z" duration-ms="5192" status="PASS">
          <reporter-output>
          </reporter-output>
        </test-method> <!-- lunchDriver -->
        <test-method signature="Test3()[pri:0, instance:com.AutomationTalks.demoProject1.TestClass1@2794eab6]" started-at="2020-06-14T00:22:03Z" name="Test3" finished-at="2020-06-14T00:22:04Z" duration-ms="963" status="PASS">
          <reporter-output>
          </reporter-output>
        </test-method> <!-- Test3 -->
        <test-method is-config="true" signature="TearDown()[pri:0, instance:com.AutomationTalks.demoProject1.TestClass1@2794eab6]" started-at="2020-06-14T00:22:04Z" name="TearDown" finished-at="2020-06-14T00:22:05Z" duration-ms="613" status="PASS">
          <reporter-output>
          </reporter-output>
        </test-method> <!-- TearDown -->
      </class> <!-- com.AutomationTalks.demoProject1.TestClass1 -->
    </test> <!-- Default test -->
  </suite> <!-- Default suite -->
</testng-results>
